<?xml version="1.0" encoding="UTF-8"?>
<!-- Generated by org.testng.reporters.JUnitReportReporter -->
<testsuite hostname="LAPTOP-69PVCUGI" name="Tests.MainPageTest" tests="2" failures="0" timestamp="15 Jul 2019 08:22:37 GMT" time="9.537" errors="0">
  <testcase name="verifyLogo" time="4.481" classname="Tests.MainPageTest"/>
  <testcase name="launchApp" time="5.056" classname="Tests.MainPageTest"/>
</testsuite> <!-- Tests.MainPageTest -->
