<?xml version="1.0" encoding="UTF-8"?>
<!-- Generated by org.testng.reporters.JUnitReportReporter -->
<testsuite hostname="LAPTOP-69PVCUGI" name="Tests.MainPageTest" tests="2" failures="0" timestamp="16 Jul 2019 16:16:22 GMT" time="10.521" errors="0">
  <testcase name="verifyLogo" time="4.558" classname="Tests.MainPageTest"/>
  <testcase name="launchApp" time="5.963" classname="Tests.MainPageTest"/>
</testsuite> <!-- Tests.MainPageTest -->
