<?xml version="1.0" encoding="UTF-8"?>
<!-- Generated by org.testng.reporters.JUnitReportReporter -->
<testsuite hostname="LAPTOP-69PVCUGI" name="Tests.Test1" tests="1" failures="0" timestamp="15 Jul 2019 08:11:38 GMT" time="5.673" errors="0">
  <testcase name="launchApp" time="5.673" classname="Tests.Test1"/>
</testsuite> <!-- Tests.Test1 -->
