<?xml version="1.0" encoding="UTF-8"?>
<!-- Generated by org.testng.reporters.JUnitReportReporter -->
<testsuite hostname="LAPTOP-69PVCUGI" name="Tests.Test1" tests="1" failures="0" timestamp="15 Jul 2019 07:01:39 GMT" time="6.242" errors="0">
  <testcase name="launchApp" time="6.242" classname="Tests.Test1"/>
</testsuite> <!-- Tests.Test1 -->
