<?xml version="1.0" encoding="UTF-8"?>
<!-- Generated by org.testng.reporters.JUnitReportReporter -->
<testsuite hostname="LAPTOP-69PVCUGI" name="Tests.MainPageTest" tests="2" failures="0" timestamp="15 Jul 2019 07:53:40 GMT" time="10.090" errors="0">
  <testcase name="verifyLogo" time="4.818" classname="Tests.MainPageTest"/>
  <testcase name="launchApp" time="5.272" classname="Tests.MainPageTest"/>
</testsuite> <!-- Tests.MainPageTest -->
